<?xml version="1.0" encoding="UTF-8"?>
<!-- Generated by org.testng.reporters.JUnitReportReporter -->
<testsuite hostname="LAPTOP-89MB722U" failures="0" tests="1" name="com.warehouse.TestCases.TS_03_Search_Functionality" time="32.630" errors="0" timestamp="19 Apr 2019 10:54:40 GMT">
  <testcase classname="com.warehouse.TestCases.TS_03_Search_Functionality" name="verifySearch_NonExistentItem" time="32.630"/>
</testsuite> <!-- com.warehouse.TestCases.TS_03_Search_Functionality -->
