<?xml version="1.0" encoding="UTF-8"?>
<!-- Generated by org.testng.reporters.JUnitReportReporter -->
<testsuite hostname="LAPTOP-89MB722U" failures="0" tests="1" name="com.warehouse.TestCases.TS_01_Registration_TestCases" time="27.013" errors="0" timestamp="19 Apr 2019 08:55:16 GMT">
  <testcase classname="com.warehouse.TestCases.TS_01_Registration_TestCases" name="verify_Passowrd_Requirements" time="27.013"/>
</testsuite> <!-- com.warehouse.TestCases.TS_01_Registration_TestCases -->
