<?xml version="1.0" encoding="UTF-8"?>
<!-- Generated by org.testng.reporters.JUnitReportReporter -->
<testsuite hostname="LAPTOP-89MB722U" failures="0" tests="6" name="com.warehouse.TestCases.TS_01_Login_Functionality_TestCases" time="176.580" errors="0" timestamp="22 Apr 2019 01:14:10 GMT">
  <testcase classname="com.warehouse.TestCases.TS_01_Login_Functionality_TestCases" name="TC_05_loginWith_BlankEmailAddress" time="25.022"/>
  <testcase classname="com.warehouse.TestCases.TS_01_Login_Functionality_TestCases" name="TC_02_logingWithValidCredentials" time="31.615"/>
  <testcase classname="com.warehouse.TestCases.TS_01_Login_Functionality_TestCases" name="TC_01_verifyLandingPage" time="16.482"/>
  <testcase classname="com.warehouse.TestCases.TS_01_Login_Functionality_TestCases" name="TC_04_logingWithInValid_Password" time="48.760"/>
  <testcase classname="com.warehouse.TestCases.TS_01_Login_Functionality_TestCases" name="TC_06_loginWith_BlankPassword" time="24.574"/>
  <testcase classname="com.warehouse.TestCases.TS_01_Login_Functionality_TestCases" name="TC_03_logingWithInValid_EmailAddress" time="30.127"/>
</testsuite> <!-- com.warehouse.TestCases.TS_01_Login_Functionality_TestCases -->
