<?xml version="1.0" encoding="UTF-8"?>
<!-- Generated by org.testng.reporters.JUnitReportReporter -->
<testsuite hostname="LAPTOP-89MB722U" failures="0" tests="1" name="com.warehouse.TestCases.TS_04_Add_To_Cart" time="62.894" errors="0" timestamp="22 Apr 2019 01:33:10 GMT">
  <testcase classname="com.warehouse.TestCases.TS_04_Add_To_Cart" name="TC_01_addToCartTest" time="62.894"/>
</testsuite> <!-- com.warehouse.TestCases.TS_04_Add_To_Cart -->
