<?xml version="1.0" encoding="UTF-8"?>
<!-- Generated by org.testng.reporters.JUnitReportReporter -->
<testsuite hostname="LAPTOP-89MB722U" failures="0" tests="1" name="com.warehouse.homepageTestCases.TC_01_HomePageTestCases" time="29.603" errors="0" timestamp="19 Apr 2019 01:19:23 GMT">
  <testcase classname="com.warehouse.homepageTestCases.TC_01_HomePageTestCases" name="loginWith_BlankPassword" time="29.603"/>
</testsuite> <!-- com.warehouse.homepageTestCases.TC_01_HomePageTestCases -->
